[debug] [2024-04-07T23:25:47.375Z] ----------------------------------------------------------------------
[debug] [2024-04-07T23:25:47.379Z] Command:       C:\Program Files\nodejs\node.exe C:\Users\pc\AppData\Roaming\npm\node_modules\firebase-tools\lib\bin\firebase.js init
[debug] [2024-04-07T23:25:47.380Z] CLI Version:   13.0.2
[debug] [2024-04-07T23:25:47.381Z] Platform:      win32
[debug] [2024-04-07T23:25:47.381Z] Node Version:  v18.17.1
[debug] [2024-04-07T23:25:47.392Z] Time:          Mon Apr 08 2024 07:25:47 GMT+0800 (Singapore Standard Time)
[debug] [2024-04-07T23:25:47.392Z] ----------------------------------------------------------------------
[debug] 
[debug] [2024-04-07T23:25:47.398Z] >>> [apiv2][query] GET https://firebase-public.firebaseio.com/cli.json [none]
[debug] [2024-04-07T23:25:47.500Z] > command requires scopes: ["email","openid","https://www.googleapis.com/auth/cloudplatformprojects.readonly","https://www.googleapis.com/auth/firebase","https://www.googleapis.com/auth/cloud-platform"]
[debug] [2024-04-07T23:25:47.501Z] > authorizing via signed-in user (jpadducul@paterostechnologicalcollege.edu.ph)
[info] 
     ######## #### ########  ######## ########     ###     ######  ########
     ##        ##  ##     ## ##       ##     ##  ##   ##  ##       ##
     ######    ##  ########  ######   ########  #########  ######  ######
     ##        ##  ##    ##  ##       ##     ## ##     ##       ## ##
     ##       #### ##     ## ######## ########  ##     ##  ######  ########

You're about to initialize a Firebase project in this directory:

  C:\Users\pc\Desktop\vital

[info] 
=== Project Setup
[info] 
[info] First, let's associate this project directory with a Firebase project.
[info] You can create multiple project aliases by running firebase use --add, 
[info] but for now we'll just set up a default project.
[info] 
[debug] [2024-04-07T23:26:07.710Z] > refreshing access token with scopes: []
[debug] [2024-04-07T23:26:07.713Z] >>> [apiv2][query] POST https://www.googleapis.com/oauth2/v3/token [none]
[debug] [2024-04-07T23:26:07.713Z] >>> [apiv2][body] POST https://www.googleapis.com/oauth2/v3/token [omitted]
[debug] [2024-04-07T23:26:19.089Z] *** [apiv2] error from fetch(https://www.googleapis.com/oauth2/v3/token, {"headers":{},"method":"POST","body":{"_overheadLength":545,"_valueLength":212,"_valuesToMeasure":[],"writable":false,"readable":true,"dataSize":0,"maxDataSize":2097152,"pauseStreams":true,"_released":true,"_streams":[],"_currentStream":null,"_insideLoop":false,"_pendingNext":false,"_boundary":"--------------------------828536225454554322065728","_events":{},"_eventsCount":1}}): FetchError: request to https://www.googleapis.com/oauth2/v3/token failed, reason: getaddrinfo ENOTFOUND www.googleapis.com
[debug] [2024-04-07T23:26:19.091Z] Authentication Error: Your credentials are no longer valid. Please run firebase login --reauth

For CI servers and headless environments, generate a new token with firebase login:ci
[debug] [2024-04-07T23:26:20.281Z] FirebaseError: Authentication Error: Your credentials are no longer valid. Please run firebase login --reauth

For CI servers and headless environments, generate a new token with firebase login:ci
    at invalidCredentialError (C:\Users\pc\AppData\Roaming\npm\node_modules\firebase-tools\lib\auth.js:142:12)
    at refreshTokens (C:\Users\pc\AppData\Roaming\npm\node_modules\firebase-tools\lib\auth.js:506:15)
    at process.processTicksAndRejections (node:internal/process/task_queues:95:5)
    at async Client.getAccessToken (C:\Users\pc\AppData\Roaming\npm\node_modules\firebase-tools\lib\apiv2.js:156:22)
    at async Client.addAuthHeader (C:\Users\pc\AppData\Roaming\npm\node_modules\firebase-tools\lib\apiv2.js:147:21)
    at async Client.request (C:\Users\pc\AppData\Roaming\npm\node_modules\firebase-tools\lib\apiv2.js:103:34)
    at async getProjectPage (C:\Users\pc\AppData\Roaming\npm\node_modules\firebase-tools\lib\management\projects.js:238:17)
    at async getFirebaseProjectPage (C:\Users\pc\AppData\Roaming\npm\node_modules\firebase-tools\lib\management\projects.js:255:23)
    at async selectProjectInteractively (C:\Users\pc\AppData\Roaming\npm\node_modules\firebase-tools\lib\management\projects.js:94:41)
    at async doSetup (C:\Users\pc\AppData\Roaming\npm\node_modules\firebase-tools\lib\init\features\project.js:88:27)
[error] 
[error] Error: Failed to list Firebase projects. See firebase-debug.log for more info.
